<?xml version="1.0" encoding="UTF-8"?>
<!-- Generated by org.testng.reporters.JUnitXMLReporter -->
<testsuite ignored="0" hostname="SUNIL-LAPTOP" failures="0" tests="2" name="Default test" time="27.505" errors="0" timestamp="2024-05-24T01:45:48 IST">
  <testcase classname="E_Commerse_Sele.SunilKunwal.tests.SubmitOrderTest" name="submitOrder" time="15.642"/>
  <testcase classname="E_Commerse_Sele.SunilKunwal.tests.SubmitOrderTest" name="OrderHistoryTest" time="1.228"/>
</testsuite> <!-- Default test -->
