<?xml version="1.0" encoding="UTF-8"?>
<!-- Generated by org.testng.reporters.JUnitXMLReporter -->
<testsuite ignored="1" hostname="SunilKunwal" failures="0" tests="2" name="Submit Order Test" time="35.517" errors="0" timestamp="2024-05-24T18:25:22 IST">
  <testcase classname="E_Commerse_Sele.SunilKunwal.tests.SubmitOrderTest" name="submitOrder" time="14.77"/>
  <testcase classname="E_Commerse_Sele.SunilKunwal.tests.SubmitOrderTest" name="submitOrder" time="15.309"/>
  <testcase classname="E_Commerse_Sele.SunilKunwal.tests.SubmitOrderTest" name="OrderHistoryTest" time="0.0">
    <ignored/>
  </testcase> <!-- OrderHistoryTest -->
</testsuite> <!-- Submit Order Test -->
