<?xml version="1.0" encoding="UTF-8"?>
<!-- Generated by org.testng.reporters.JUnitXMLReporter -->
<testsuite ignored="2" hostname="SunilKunwal" failures="0" tests="0" time="0.019" errors="0" timestamp="2024-05-31T12:04:03 IST">
  <testcase classname="E_Commerse_Sele.SunilKunwal.tests.ErrorValidationsTest" name="LoginErrorValidations" time="0.0">
    <ignored/>
  </testcase> <!-- LoginErrorValidations -->
  <testcase classname="E_Commerse_Sele.SunilKunwal.tests.ErrorValidationsTest" name="ProductErrorValidations" time="0.0">
    <ignored/>
  </testcase> <!-- ProductErrorValidations -->
</testsuite>
