<?xml version="1.0" encoding="UTF-8"?>
<!-- Generated by org.testng.reporters.JUnitXMLReporter -->
<testsuite ignored="0" hostname="SunilKunwal" failures="0" tests="2" name="Error Validation Test" time="20.762" errors="0" timestamp="2024-05-30T18:52:08 IST">
  <testcase classname="E_Commerse_Sele.SunilKunwal.tests.ErrorValidationsTest" name="LoginErrorValidations" time="0.466"/>
  <testcase classname="E_Commerse_Sele.SunilKunwal.tests.ErrorValidationsTest" name="ProductErrorValidations" time="13.676"/>
</testsuite> <!-- Error Validation Test -->
