<?xml version="1.0" encoding="UTF-8"?>
<!-- Generated by org.testng.reporters.JUnitXMLReporter -->
<testsuite ignored="1" hostname="SunilKunwal" failures="0" tests="2" name="Submit Order Test" time="37.62" errors="0" timestamp="2024-05-31T12:04:41 IST">
  <testcase classname="E_Commerse_Sele.SunilKunwal.tests.SubmitOrderTest" name="submitOrder" time="14.636"/>
  <testcase classname="E_Commerse_Sele.SunilKunwal.tests.SubmitOrderTest" name="submitOrder" time="14.528"/>
  <testcase classname="E_Commerse_Sele.SunilKunwal.tests.SubmitOrderTest" name="OrderHistoryTest" time="0.0">
    <ignored/>
  </testcase> <!-- OrderHistoryTest -->
</testsuite> <!-- Submit Order Test -->
