<?xml version="1.0" encoding="UTF-8"?>
<!-- Generated by org.testng.reporters.JUnitXMLReporter -->
<testsuite ignored="0" hostname="SunilKunwal" failures="0" tests="3" name="Submit Order Test" time="42.618" errors="0" timestamp="2024-05-30T18:52:29 IST">
  <testcase classname="E_Commerse_Sele.SunilKunwal.tests.SubmitOrderTest" name="submitOrder" time="17.025"/>
  <testcase classname="E_Commerse_Sele.SunilKunwal.tests.SubmitOrderTest" name="submitOrder" time="14.403"/>
  <testcase classname="E_Commerse_Sele.SunilKunwal.tests.SubmitOrderTest" name="OrderHistoryTest" time="0.777"/>
</testsuite> <!-- Submit Order Test -->
