<?xml version="1.0" encoding="UTF-8"?>
<testng-results ignored="0" total="2" passed="2" failed="0" skipped="0">
  <reporter-output>
  </reporter-output>
  <suite started-at="2024-05-31T12:04:03 IST" name="Suite" finished-at="2024-05-31T12:04:41 IST" duration-ms="37620">
    <groups>
      <group name="Purchase">
        <method signature="SubmitOrderTest.submitOrder(java.util.HashMap)[pri:0, instance:E_Commerse_Sele.SunilKunwal.tests.SubmitOrderTest@5fe94a96]" name="submitOrder" class="E_Commerse_Sele.SunilKunwal.tests.SubmitOrderTest"/>
      </group> <!-- Purchase -->
    </groups>
    <test started-at="2024-05-31T12:04:03 IST" name="Error Validation Test" finished-at="2024-05-31T12:04:03 IST" duration-ms="19">
    </test> <!-- Error Validation Test -->
    <test started-at="2024-05-31T12:04:03 IST" name="Submit Order Test" finished-at="2024-05-31T12:04:41 IST" duration-ms="37620">
      <class name="E_Commerse_Sele.SunilKunwal.tests.SubmitOrderTest">
        <test-method is-config="true" signature="launchApplication()[pri:0, instance:E_Commerse_Sele.SunilKunwal.tests.SubmitOrderTest@5fe94a96]" started-at="2024-05-31T12:04:04 IST" name="launchApplication" finished-at="2024-05-31T12:04:08 IST" duration-ms="4530" status="PASS">
          <reporter-output>
          </reporter-output>
        </test-method> <!-- launchApplication -->
        <test-method signature="submitOrder(java.util.HashMap)[pri:0, instance:E_Commerse_Sele.SunilKunwal.tests.SubmitOrderTest@5fe94a96]" started-at="2024-05-31T12:04:08 IST" name="submitOrder" data-provider="getData" finished-at="2024-05-31T12:04:23 IST" duration-ms="14636" status="PASS">
          <params>
            <param index="0">
              <value>
                <![CDATA[{password=Kunwal@123, product=ZARA COAT 3, email=sunilkunwal@gmail.com}]]>
              </value>
            </param>
          </params>
          <reporter-output>
          </reporter-output>
        </test-method> <!-- submitOrder -->
        <test-method is-config="true" signature="tearDown()[pri:0, instance:E_Commerse_Sele.SunilKunwal.tests.SubmitOrderTest@5fe94a96]" started-at="2024-05-31T12:04:23 IST" name="tearDown" finished-at="2024-05-31T12:04:23 IST" duration-ms="96" status="PASS">
          <reporter-output>
          </reporter-output>
        </test-method> <!-- tearDown -->
        <test-method is-config="true" signature="launchApplication()[pri:0, instance:E_Commerse_Sele.SunilKunwal.tests.SubmitOrderTest@5fe94a96]" started-at="2024-05-31T12:04:23 IST" name="launchApplication" finished-at="2024-05-31T12:04:25 IST" duration-ms="2195" status="PASS">
          <reporter-output>
          </reporter-output>
        </test-method> <!-- launchApplication -->
        <test-method signature="submitOrder(java.util.HashMap)[pri:0, instance:E_Commerse_Sele.SunilKunwal.tests.SubmitOrderTest@5fe94a96]" started-at="2024-05-31T12:04:25 IST" name="submitOrder" data-provider="getData" finished-at="2024-05-31T12:04:40 IST" duration-ms="14528" status="PASS">
          <params>
            <param index="0">
              <value>
                <![CDATA[{password=Kunwal1@, product=ADIDAS ORIGINAL, email=sunilkunwal1@gmail.comm}]]>
              </value>
            </param>
          </params>
          <reporter-output>
          </reporter-output>
        </test-method> <!-- submitOrder -->
        <test-method is-config="true" signature="tearDown()[pri:0, instance:E_Commerse_Sele.SunilKunwal.tests.SubmitOrderTest@5fe94a96]" started-at="2024-05-31T12:04:40 IST" name="tearDown" finished-at="2024-05-31T12:04:41 IST" duration-ms="1170" status="PASS">
          <reporter-output>
          </reporter-output>
        </test-method> <!-- tearDown -->
      </class> <!-- E_Commerse_Sele.SunilKunwal.tests.SubmitOrderTest -->
    </test> <!-- Submit Order Test -->
  </suite> <!-- Suite -->
</testng-results>
