-------------------------------------------------------------------------------
Test set: TestSuite
-------------------------------------------------------------------------------
Tests run: 6, Failures: 1, Errors: 0, Skipped: 1, Time elapsed: 82.725 s <<< FAILURE! - in TestSuite
LoginErrorValidations(E_Commerse_Sele.SunilKunwal.tests.ErrorValidationsTest)  Time elapsed: 0.749 s  <<< FAILURE!
java.lang.AssertionError: expected [Incorrect email or password.] but found [Incorrect email  password.]
	at E_Commerse_Sele.SunilKunwal.tests.ErrorValidationsTest.LoginErrorValidations(ErrorValidationsTest.java:23)

