<?xml version="1.0" encoding="UTF-8"?>
<testsuite xmlns:xsi="http://www.w3.org/2001/XMLSchema-instance" xsi:noNamespaceSchemaLocation="https://maven.apache.org/surefire/maven-surefire-plugin/xsd/surefire-test-report.xsd" name="TestSuite" time="82.725" tests="6" errors="0" skipped="1" failures="1">
  <properties>
[...]
</properties>
  <testcase name="LoginErrorValidations" classname="E_Commerse_Sele.SunilKunwal.tests.ErrorValidationsTest" time="0">
    <skipped message="expected [Incorrect email or password.] but found [Incorrect email  password.]"/>
    <system-err><![CDATA[SLF4J(W): No SLF4J providers were found.
SLF4J(W): Defaulting to no-operation (NOP) logger implementation
SLF4J(W): See https://www.slf4j.org/codes.html#noProviders for further details.
]]></system-err>
  </testcase>
  <testcase name="LoginErrorValidations" classname="E_Commerse_Sele.SunilKunwal.tests.ErrorValidationsTest" time="0.749">
    <failure message="expected [Incorrect email or password.] but found [Incorrect email  password.]" type="java.lang.AssertionError">java.lang.AssertionError: expected [Incorrect email or password.] but found [Incorrect email  password.]
	at E_Commerse_Sele.SunilKunwal.tests.ErrorValidationsTest.LoginErrorValidations(ErrorValidationsTest.java:23)
</failure>
    <system-err><![CDATA[May 30, 2024 5:11:16 PM org.openqa.selenium.remote.http.WebSocket$Listener onError
WARNING: Connection reset
java.net.SocketException: Connection reset
	at java.base/sun.nio.ch.SocketChannelImpl.throwConnectionReset(SocketChannelImpl.java:394)
	at java.base/sun.nio.ch.SocketChannelImpl.read(SocketChannelImpl.java:426)
	at java.net.http/jdk.internal.net.http.SocketTube.readAvailable(SocketTube.java:1170)
	at java.net.http/jdk.internal.net.http.SocketTube$InternalReadPublisher$InternalReadSubscription.read(SocketTube.java:833)
	at java.net.http/jdk.internal.net.http.SocketTube$SocketFlowTask.run(SocketTube.java:181)
	at java.net.http/jdk.internal.net.http.common.SequentialScheduler$SchedulableTask.run(SequentialScheduler.java:230)
	at java.net.http/jdk.internal.net.http.common.SequentialScheduler.runOrSchedule(SequentialScheduler.java:303)
	at java.net.http/jdk.internal.net.http.common.SequentialScheduler.runOrSchedule(SequentialScheduler.java:256)
	at java.net.http/jdk.internal.net.http.SocketTube$InternalReadPublisher$InternalReadSubscription.signalReadable(SocketTube.java:774)
	at java.net.http/jdk.internal.net.http.SocketTube$InternalReadPublisher$ReadEvent.signalEvent(SocketTube.java:957)
	at java.net.http/jdk.internal.net.http.SocketTube$SocketFlowEvent.handle(SocketTube.java:253)
	at java.net.http/jdk.internal.net.http.HttpClientImpl$SelectorManager.handleEvent(HttpClientImpl.java:977)
	at java.net.http/jdk.internal.net.http.HttpClientImpl$SelectorManager.lambda$run$3(HttpClientImpl.java:932)
	at java.base/java.util.ArrayList.forEach(ArrayList.java:1511)
	at java.net.http/jdk.internal.net.http.HttpClientImpl$SelectorManager.run(HttpClientImpl.java:932)

]]></system-err>
  </testcase>
  <testcase name="ProductErrorValidations" classname="E_Commerse_Sele.SunilKunwal.tests.ErrorValidationsTest" time="14.375"/>
  <testcase name="submitOrder" classname="E_Commerse_Sele.SunilKunwal.tests.SubmitOrderTest" time="5.115"/>
  <testcase name="submitOrder" classname="E_Commerse_Sele.SunilKunwal.tests.SubmitOrderTest" time="15.624"/>
  <testcase name="OrderHistoryTest" classname="E_Commerse_Sele.SunilKunwal.tests.SubmitOrderTest" time="1.224"/>
</testsuite>