<?xml version="1.0" encoding="UTF-8"?>
<testng-results ignored="0" total="2" passed="2" failed="0" skipped="0">
  <reporter-output>
  </reporter-output>
  <suite started-at="2024-05-24T01:45:21 IST" name="Default suite" finished-at="2024-05-24T01:45:48 IST" duration-ms="27505">
    <groups>
    </groups>
    <test started-at="2024-05-24T01:45:21 IST" name="Default test" finished-at="2024-05-24T01:45:48 IST" duration-ms="27505">
      <class name="E_Commerse_Sele.SunilKunwal.tests.SubmitOrderTest">
        <test-method is-config="true" signature="launchApplication()[pri:0, instance:E_Commerse_Sele.SunilKunwal.tests.SubmitOrderTest@47af7f3d]" started-at="2024-05-24T01:45:21 IST" name="launchApplication" finished-at="2024-05-24T01:45:27 IST" duration-ms="5944" status="PASS">
          <reporter-output>
          </reporter-output>
        </test-method> <!-- launchApplication -->
        <test-method signature="submitOrder()[pri:0, instance:E_Commerse_Sele.SunilKunwal.tests.SubmitOrderTest@47af7f3d]" started-at="2024-05-24T01:45:27 IST" name="submitOrder" finished-at="2024-05-24T01:45:42 IST" duration-ms="15642" status="PASS">
          <reporter-output>
          </reporter-output>
        </test-method> <!-- submitOrder -->
        <test-method is-config="true" signature="tearDown()[pri:0, instance:E_Commerse_Sele.SunilKunwal.tests.SubmitOrderTest@47af7f3d]" started-at="2024-05-24T01:45:43 IST" name="tearDown" finished-at="2024-05-24T01:45:43 IST" duration-ms="292" status="PASS">
          <reporter-output>
          </reporter-output>
        </test-method> <!-- tearDown -->
        <test-method is-config="true" signature="launchApplication()[pri:0, instance:E_Commerse_Sele.SunilKunwal.tests.SubmitOrderTest@47af7f3d]" started-at="2024-05-24T01:45:43 IST" name="launchApplication" finished-at="2024-05-24T01:45:47 IST" duration-ms="3935" status="PASS">
          <reporter-output>
          </reporter-output>
        </test-method> <!-- launchApplication -->
        <test-method signature="OrderHistoryTest()[pri:0, instance:E_Commerse_Sele.SunilKunwal.tests.SubmitOrderTest@47af7f3d]" started-at="2024-05-24T01:45:47 IST" name="OrderHistoryTest" finished-at="2024-05-24T01:45:48 IST" depends-on-methods="E_Commerse_Sele.SunilKunwal.tests.SubmitOrderTest.submitOrder" duration-ms="1228" status="PASS">
          <reporter-output>
          </reporter-output>
        </test-method> <!-- OrderHistoryTest -->
        <test-method is-config="true" signature="tearDown()[pri:0, instance:E_Commerse_Sele.SunilKunwal.tests.SubmitOrderTest@47af7f3d]" started-at="2024-05-24T01:45:48 IST" name="tearDown" finished-at="2024-05-24T01:45:48 IST" duration-ms="352" status="PASS">
          <reporter-output>
          </reporter-output>
        </test-method> <!-- tearDown -->
      </class> <!-- E_Commerse_Sele.SunilKunwal.tests.SubmitOrderTest -->
    </test> <!-- Default test -->
  </suite> <!-- Default suite -->
</testng-results>
